Using launch settings from /app/OmniCart.BlazorAdmin/Properties/launchSettings.json...
Building...
warn: Microsoft.AspNetCore.DataProtection.KeyManagement.XmlKeyManager[35]
      No XML encryptor configured. Key {8b71d61b-165a-4117-bac5-c4f983b8b7f5} may be persisted to storage in unencrypted form.
info: Microsoft.Hosting.Lifetime[14]
      Now listening on: http://localhost:5000
info: Microsoft.Hosting.Lifetime[0]
      Application started. Press Ctrl+C to shut down.
info: Microsoft.Hosting.Lifetime[0]
      Hosting environment: Development
info: Microsoft.Hosting.Lifetime[0]
      Content root path: /app/OmniCart.BlazorAdmin
warn: Microsoft.AspNetCore.HttpsPolicy.HttpsRedirectionMiddleware[3]
      Failed to determine the https port for redirect.
info: Microsoft.EntityFrameworkCore.Database.Command[20101]
      Executed DbCommand (70ms) [Parameters=[], CommandType='Text', CommandTimeout='30']
      SELECT COALESCE(sum(o."TotalPrice"), 0.0)
      FROM "Orders" AS o
info: Microsoft.EntityFrameworkCore.Database.Command[20101]
      Executed DbCommand (49ms) [Parameters=[@today='?' (DbType = DateTime)], CommandType='Text', CommandTimeout='30']
      SELECT count(*)::int
      FROM "Orders" AS o
      WHERE o."CreatedAt" >= @today
info: Microsoft.EntityFrameworkCore.Database.Command[20101]
      Executed DbCommand (37ms) [Parameters=[], CommandType='Text', CommandTimeout='30']
      SELECT count(*)::int
      FROM "Users" AS u
info: Microsoft.EntityFrameworkCore.Database.Command[20101]
      Executed DbCommand (30ms) [Parameters=[], CommandType='Text', CommandTimeout='30']
      SELECT o."Id", o."CreatedAt", o."Status", o."TotalPrice", o."UserId", u."Id", u."CreatedAt", u."CurrentStep", u."DeliveryAddress", u."FirstName", u."IsActive", u."LastName", u."PhoneNumber", u."TelegramUserId", u."UpdatedAt", u."Username"
      FROM "Orders" AS o
      INNER JOIN "Users" AS u ON o."UserId" = u."Id"
      ORDER BY o."CreatedAt" DESC
info: Microsoft.EntityFrameworkCore.Database.Command[20101]
      Executed DbCommand (33ms) [Parameters=[], CommandType='Text', CommandTimeout='30']
      SELECT p."Id", p."CreatedAt", p."Description", p."Name", p."Price", p."Stock"
      FROM "Products" AS p
      ORDER BY p."Id"
